# JRE version: Java(TM) SE Runtime Environment (8.0_251-b08) (build 1.8.0_251-b08)
# Java VM: Java HotSpot(TM) 64-Bit Server VM (25.251-b08 mixed mode windows-amd64 compressed oops)
Heap:
 PSYoungGen      total 170496K, used 89822K [0x00000000d5600000, 0x00000000e3d00000, 0x0000000100000000)
  eden space 138240K, 41% used [0x00000000d5600000,0x00000000d8e87a88,0x00000000ddd00000)
  from space 32256K, 99% used [0x00000000e1d80000,0x00000000e3cb0000,0x00000000e3d00000)
  to   space 44032K, 0% used [0x00000000de700000,0x00000000de700000,0x00000000e1200000)
 ParOldGen       total 156160K, used 55900K [0x0000000080200000, 0x0000000089a80000, 0x00000000d5600000)
  object space 156160K, 35% used [0x0000000080200000,0x0000000083897160,0x0000000089a80000)
 Metaspace       used 15154K, capacity 15578K, committed 15744K, reserved 1062912K
  class space    used 1713K, capacity 1803K, committed 1920K, reserved 1048576K
GC Heap History (10 events):
Event: 7.518 GC heap before
{Heap before GC invocations=6 (full 1):
 PSYoungGen      total 61440K, used 61428K [0x00000000d5600000, 0x00000000d9c80000, 0x0000000100000000)
  eden space 56320K, 100% used [0x00000000d5600000,0x00000000d8d00000,0x00000000d8d00000)
  from space 5120K, 99% used [0x00000000d9780000,0x00000000d9c7d320,0x00000000d9c80000)
  to   space 5120K, 0% used [0x00000000d9280000,0x00000000d9280000,0x00000000d9780000)
 ParOldGen       total 76800K, used 23297K [0x0000000080200000, 0x0000000084d00000, 0x00000000d5600000)
  object space 76800K, 30% used [0x0000000080200000,0x00000000818c0558,0x0000000084d00000)
 Metaspace       used 15031K, capacity 15440K, committed 15744K, reserved 1062912K
  class space    used 1711K, capacity 1802K, committed 1920K, reserved 1048576K
Event: 7.559 GC heap after
Heap after GC invocations=6 (full 1):
 PSYoungGen      total 67072K, used 5108K [0x00000000d5600000, 0x00000000de300000, 0x0000000100000000)
  eden space 61952K, 0% used [0x00000000d5600000,0x00000000d5600000,0x00000000d9280000)
  from space 5120K, 99% used [0x00000000d9280000,0x00000000d977d320,0x00000000d9780000)
  to   space 24064K, 0% used [0x00000000dcb80000,0x00000000dcb80000,0x00000000de300000)
 ParOldGen       total 76800K, used 38805K [0x0000000080200000, 0x0000000084d00000, 0x00000000d5600000)
  object space 76800K, 50% used [0x0000000080200000,0x00000000827e55c8,0x0000000084d00000)
 Metaspace       used 15031K, capacity 15440K, committed 15744K, reserved 1062912K
  class space    used 1711K, capacity 1802K, committed 1920K, reserved 1048576K
}
Event: 9.295 GC heap before
{Heap before GC invocations=7 (full 1):
 PSYoungGen      total 67072K, used 67060K [0x00000000d5600000, 0x00000000de300000, 0x0000000100000000)
  eden space 61952K, 100% used [0x00000000d5600000,0x00000000d9280000,0x00000000d9280000)
  from space 5120K, 99% used [0x00000000d9280000,0x00000000d977d320,0x00000000d9780000)
  to   space 24064K, 0% used [0x00000000dcb80000,0x00000000dcb80000,0x00000000de300000)
 ParOldGen       total 76800K, used 38805K [0x0000000080200000, 0x0000000084d00000, 0x00000000d5600000)
  object space 76800K, 50% used [0x0000000080200000,0x00000000827e55c8,0x0000000084d00000)
 Metaspace       used 15060K, capacity 15504K, committed 15744K, reserved 1062912K
  class space    used 1711K, capacity 1802K, committed 1920K, reserved 1048576K
Event: 9.372 GC heap after
Heap after GC invocations=7 (full 1):
 PSYoungGen      total 114176K, used 24052K [0x00000000d5600000, 0x00000000dfd00000, 0x0000000100000000)
  eden space 90112K, 0% used [0x00000000d5600000,0x00000000d5600000,0x00000000dae00000)
  from space 24064K, 99% used [0x00000000dcb80000,0x00000000de2fd320,0x00000000de300000)
  to   space 30208K, 0% used [0x00000000dae00000,0x00000000dae00000,0x00000000dcb80000)
 ParOldGen       total 76800K, used 40837K [0x0000000080200000, 0x0000000084d00000, 0x00000000d5600000)
  object space 76800K, 53% used [0x0000000080200000,0x00000000829e15c8,0x0000000084d00000)
 Metaspace       used 15060K, capacity 15504K, committed 15744K, reserved 1062912K
  class space    used 1711K, capacity 1802K, committed 1920K, reserved 1048576K
}
Event: 11.714 GC heap before
{Heap before GC invocations=8 (full 1):
 PSYoungGen      total 114176K, used 114164K [0x00000000d5600000, 0x00000000dfd00000, 0x0000000100000000)
  eden space 90112K, 100% used [0x00000000d5600000,0x00000000dae00000,0x00000000dae00000)
  from space 24064K, 99% used [0x00000000dcb80000,0x00000000de2fd320,0x00000000de300000)
  to   space 30208K, 0% used [0x00000000dae00000,0x00000000dae00000,0x00000000dcb80000)
 ParOldGen       total 76800K, used 40837K [0x0000000080200000, 0x0000000084d00000, 0x00000000d5600000)
  object space 76800K, 53% used [0x0000000080200000,0x00000000829e15c8,0x0000000084d00000)
 Metaspace       used 15090K, capacity 15508K, committed 15744K, reserved 1062912K
  class space    used 1712K, capacity 1802K, committed 1920K, reserved 1048576K
Event: 11.829 GC heap after
Heap after GC invocations=8 (full 1):
 PSYoungGen      total 120320K, used 30196K [0x00000000d5600000, 0x00000000e4480000, 0x0000000100000000)
  eden space 90112K, 0% used [0x00000000d5600000,0x00000000d5600000,0x00000000dae00000)
  from space 30208K, 99% used [0x00000000dae00000,0x00000000dcb7d320,0x00000000dcb80000)
  to   space 39936K, 0% used [0x00000000e1d80000,0x00000000e1d80000,0x00000000e4480000)
 ParOldGen       total 76800K, used 48029K [0x0000000080200000, 0x0000000084d00000, 0x00000000d5600000)
  object space 76800K, 62% used [0x0000000080200000,0x00000000830e75c8,0x0000000084d00000)
 Metaspace       used 15090K, capacity 15508K, committed 15744K, reserved 1062912K
  class space    used 1712K, capacity 1802K, committed 1920K, reserved 1048576K
}
Event: 11.829 GC heap before
{Heap before GC invocations=9 (full 2):
 PSYoungGen      total 120320K, used 30196K [0x00000000d5600000, 0x00000000e4480000, 0x0000000100000000)
  eden space 90112K, 0% used [0x00000000d5600000,0x00000000d5600000,0x00000000dae00000)
  from space 30208K, 99% used [0x00000000dae00000,0x00000000dcb7d320,0x00000000dcb80000)
  to   space 39936K, 0% used [0x00000000e1d80000,0x00000000e1d80000,0x00000000e4480000)
 ParOldGen       total 76800K, used 48029K [0x0000000080200000, 0x0000000084d00000, 0x00000000d5600000)
  object space 76800K, 62% used [0x0000000080200000,0x00000000830e75c8,0x0000000084d00000)
 Metaspace       used 15090K, capacity 15508K, committed 15744K, reserved 1062912K
  class space    used 1712K, capacity 1802K, committed 1920K, reserved 1048576K
Event: 12.181 GC heap after
Heap after GC invocations=9 (full 2):
 PSYoungGen      total 120320K, used 0K [0x00000000d5600000, 0x00000000e4480000, 0x0000000100000000)
  eden space 90112K, 0% used [0x00000000d5600000,0x00000000d5600000,0x00000000dae00000)
  from space 30208K, 0% used [0x00000000dae00000,0x00000000dae00000,0x00000000dcb80000)
  to   space 39936K, 0% used [0x00000000e1d80000,0x00000000e1d80000,0x00000000e4480000)
 ParOldGen       total 156160K, used 55892K [0x0000000080200000, 0x0000000089a80000, 0x00000000d5600000)
  object space 156160K, 35% used [0x0000000080200000,0x0000000083895160,0x0000000089a80000)
 Metaspace       used 15090K, capacity 15508K, committed 15744K, reserved 1062912K
  class space    used 1712K, capacity 1802K, committed 1920K, reserved 1048576K
}
Event: 14.623 GC heap before
{Heap before GC invocations=10 (full 2):
 PSYoungGen      total 120320K, used 90112K [0x00000000d5600000, 0x00000000e4480000, 0x0000000100000000)
  eden space 90112K, 100% used [0x00000000d5600000,0x00000000dae00000,0x00000000dae00000)
  from space 30208K, 0% used [0x00000000dae00000,0x00000000dae00000,0x00000000dcb80000)
  to   space 39936K, 0% used [0x00000000e1d80000,0x00000000e1d80000,0x00000000e4480000)
 ParOldGen       total 156160K, used 55892K [0x0000000080200000, 0x0000000089a80000, 0x00000000d5600000)
  object space 156160K, 35% used [0x0000000080200000,0x0000000083895160,0x0000000089a80000)
 Metaspace       used 15124K, capacity 15508K, committed 15744K, reserved 1062912K
  class space    used 1712K, capacity 1802K, committed 1920K, reserved 1048576K
Event: 14.738 GC heap after
Heap after GC invocations=10 (full 2):
 PSYoungGen      total 170496K, used 31936K [0x00000000d5600000, 0x00000000e3d00000, 0x0000000100000000)
  eden space 138240K, 0% used [0x00000000d5600000,0x00000000d5600000,0x00000000ddd00000)
  from space 32256K, 99% used [0x00000000e1d80000,0x00000000e3cb0000,0x00000000e3d00000)
  to   space 44032K, 0% used [0x00000000de700000,0x00000000de700000,0x00000000e1200000)
 ParOldGen       total 156160K, used 55900K [0x0000000080200000, 0x0000000089a80000, 0x00000000d5600000)
  object space 156160K, 35% used [0x0000000080200000,0x0000000083897160,0x0000000089a80000)
 Metaspace       used 15124K, capacity 15508K, committed 15744K, reserved 1062912K
  class space    used 1712K, capacity 1802K, committed 1920K, reserved 1048576K
}

