# JRE version: Java(TM) SE Runtime Environment (8.0_251-b08) (build 1.8.0_251-b08)
# Java VM: Java HotSpot(TM) 64-Bit Server VM (25.251-b08 mixed mode windows-amd64 compressed oops)
Heap:
 PSYoungGen      total 194048K, used 129624K [0x00000000d5600000, 0x00000000e4d00000, 0x0000000100000000)
  eden space 155136K, 60% used [0x00000000d5600000,0x00000000db1163d0,0x00000000ded80000)
  from space 38912K, 93% used [0x00000000e1980000,0x00000000e3d00010,0x00000000e3f80000)
  to   space 45056K, 0% used [0x00000000ded80000,0x00000000ded80000,0x00000000e1980000)
 ParOldGen       total 78848K, used 48987K [0x0000000080200000, 0x0000000084f00000, 0x00000000d5600000)
  object space 78848K, 62% used [0x0000000080200000,0x00000000831d6f68,0x0000000084f00000)
 Metaspace       used 15157K, capacity 15626K, committed 15744K, reserved 1062912K
  class space    used 1713K, capacity 1803K, committed 1920K, reserved 1048576K
GC Heap History (10 events):
Event: 5.533 GC heap before
{Heap before GC invocations=5 (full 1):
 PSYoungGen      total 38400K, used 33280K [0x00000000d5600000, 0x00000000d9c80000, 0x0000000100000000)
  eden space 33280K, 100% used [0x00000000d5600000,0x00000000d7680000,0x00000000d7680000)
  from space 5120K, 0% used [0x00000000d7680000,0x00000000d7680000,0x00000000d7b80000)
  to   space 5120K, 0% used [0x00000000d9780000,0x00000000d9780000,0x00000000d9c80000)
 ParOldGen       total 78848K, used 14898K [0x0000000080200000, 0x0000000084f00000, 0x00000000d5600000)
  object space 78848K, 18% used [0x0000000080200000,0x000000008108cbc8,0x0000000084f00000)
 Metaspace       used 14996K, capacity 15418K, committed 15744K, reserved 1062912K
  class space    used 1710K, capacity 1801K, committed 1920K, reserved 1048576K
Event: 5.547 GC heap after
Heap after GC invocations=5 (full 1):
 PSYoungGen      total 60416K, used 5108K [0x00000000d5600000, 0x00000000d9c80000, 0x0000000100000000)
  eden space 55296K, 0% used [0x00000000d5600000,0x00000000d5600000,0x00000000d8c00000)
  from space 5120K, 99% used [0x00000000d9780000,0x00000000d9c7d320,0x00000000d9c80000)
  to   space 5120K, 0% used [0x00000000d9280000,0x00000000d9280000,0x00000000d9780000)
 ParOldGen       total 78848K, used 25162K [0x0000000080200000, 0x0000000084f00000, 0x00000000d5600000)
  object space 78848K, 31% used [0x0000000080200000,0x0000000081a92bd8,0x0000000084f00000)
 Metaspace       used 14996K, capacity 15418K, committed 15744K, reserved 1062912K
  class space    used 1710K, capacity 1801K, committed 1920K, reserved 1048576K
}
Event: 7.043 GC heap before
{Heap before GC invocations=6 (full 1):
 PSYoungGen      total 60416K, used 60404K [0x00000000d5600000, 0x00000000d9c80000, 0x0000000100000000)
  eden space 55296K, 100% used [0x00000000d5600000,0x00000000d8c00000,0x00000000d8c00000)
  from space 5120K, 99% used [0x00000000d9780000,0x00000000d9c7d320,0x00000000d9c80000)
  to   space 5120K, 0% used [0x00000000d9280000,0x00000000d9280000,0x00000000d9780000)
 ParOldGen       total 78848K, used 25162K [0x0000000080200000, 0x0000000084f00000, 0x00000000d5600000)
  object space 78848K, 31% used [0x0000000080200000,0x0000000081a92bd8,0x0000000084f00000)
 Metaspace       used 15020K, capacity 15424K, committed 15744K, reserved 1062912K
  class space    used 1711K, capacity 1802K, committed 1920K, reserved 1048576K
Event: 7.079 GC heap after
Heap after GC invocations=6 (full 1):
 PSYoungGen      total 67072K, used 5108K [0x00000000d5600000, 0x00000000de080000, 0x0000000100000000)
  eden space 61952K, 0% used [0x00000000d5600000,0x00000000d5600000,0x00000000d9280000)
  from space 5120K, 99% used [0x00000000d9280000,0x00000000d977d320,0x00000000d9780000)
  to   space 23552K, 0% used [0x00000000dc980000,0x00000000dc980000,0x00000000de080000)
 ParOldGen       total 78848K, used 40255K [0x0000000080200000, 0x0000000084f00000, 0x00000000d5600000)
  object space 78848K, 51% used [0x0000000080200000,0x000000008294fc58,0x0000000084f00000)
 Metaspace       used 15020K, capacity 15424K, committed 15744K, reserved 1062912K
  class space    used 1711K, capacity 1802K, committed 1920K, reserved 1048576K
}
Event: 8.562 GC heap before
{Heap before GC invocations=7 (full 1):
 PSYoungGen      total 67072K, used 67060K [0x00000000d5600000, 0x00000000de080000, 0x0000000100000000)
  eden space 61952K, 100% used [0x00000000d5600000,0x00000000d9280000,0x00000000d9280000)
  from space 5120K, 99% used [0x00000000d9280000,0x00000000d977d320,0x00000000d9780000)
  to   space 23552K, 0% used [0x00000000dc980000,0x00000000dc980000,0x00000000de080000)
 ParOldGen       total 78848K, used 40255K [0x0000000080200000, 0x0000000084f00000, 0x00000000d5600000)
  object space 78848K, 51% used [0x0000000080200000,0x000000008294fc58,0x0000000084f00000)
 Metaspace       used 15047K, capacity 15488K, committed 15744K, reserved 1062912K
  class space    used 1711K, capacity 1802K, committed 1920K, reserved 1048576K
Event: 8.633 GC heap after
Heap after GC invocations=7 (full 1):
 PSYoungGen      total 111616K, used 23540K [0x00000000d5600000, 0x00000000dfd80000, 0x0000000100000000)
  eden space 88064K, 0% used [0x00000000d5600000,0x00000000d5600000,0x00000000dac00000)
  from space 23552K, 99% used [0x00000000dc980000,0x00000000de07d320,0x00000000de080000)
  to   space 30208K, 0% used [0x00000000dac00000,0x00000000dac00000,0x00000000dc980000)
 ParOldGen       total 78848K, used 42719K [0x0000000080200000, 0x0000000084f00000, 0x00000000d5600000)
  object space 78848K, 54% used [0x0000000080200000,0x0000000082bb7c58,0x0000000084f00000)
 Metaspace       used 15047K, capacity 15488K, committed 15744K, reserved 1062912K
  class space    used 1711K, capacity 1802K, committed 1920K, reserved 1048576K
}
Event: 10.776 GC heap before
{Heap before GC invocations=8 (full 1):
 PSYoungGen      total 111616K, used 111604K [0x00000000d5600000, 0x00000000dfd80000, 0x0000000100000000)
  eden space 88064K, 100% used [0x00000000d5600000,0x00000000dac00000,0x00000000dac00000)
  from space 23552K, 99% used [0x00000000dc980000,0x00000000de07d320,0x00000000de080000)
  to   space 30208K, 0% used [0x00000000dac00000,0x00000000dac00000,0x00000000dc980000)
 ParOldGen       total 78848K, used 42719K [0x0000000080200000, 0x0000000084f00000, 0x00000000d5600000)
  object space 78848K, 54% used [0x0000000080200000,0x0000000082bb7c58,0x0000000084f00000)
 Metaspace       used 15080K, capacity 15492K, committed 15744K, reserved 1062912K
  class space    used 1712K, capacity 1802K, committed 1920K, reserved 1048576K
Event: 10.879 GC heap after
Heap after GC invocations=8 (full 1):
 PSYoungGen      total 118272K, used 30196K [0x00000000d5600000, 0x00000000e3f80000, 0x0000000100000000)
  eden space 88064K, 0% used [0x00000000d5600000,0x00000000d5600000,0x00000000dac00000)
  from space 30208K, 99% used [0x00000000dac00000,0x00000000dc97d320,0x00000000dc980000)
  to   space 38912K, 0% used [0x00000000e1980000,0x00000000e1980000,0x00000000e3f80000)
 ParOldGen       total 78848K, used 48367K [0x0000000080200000, 0x0000000084f00000, 0x00000000d5600000)
  object space 78848K, 61% used [0x0000000080200000,0x000000008313bc58,0x0000000084f00000)
 Metaspace       used 15080K, capacity 15492K, committed 15744K, reserved 1062912K
  class space    used 1712K, capacity 1802K, committed 1920K, reserved 1048576K
}
Event: 13.055 GC heap before
{Heap before GC invocations=9 (full 1):
 PSYoungGen      total 118272K, used 118260K [0x00000000d5600000, 0x00000000e3f80000, 0x0000000100000000)
  eden space 88064K, 100% used [0x00000000d5600000,0x00000000dac00000,0x00000000dac00000)
  from space 30208K, 99% used [0x00000000dac00000,0x00000000dc97d320,0x00000000dc980000)
  to   space 38912K, 0% used [0x00000000e1980000,0x00000000e1980000,0x00000000e3f80000)
 ParOldGen       total 78848K, used 48367K [0x0000000080200000, 0x0000000084f00000, 0x00000000d5600000)
  object space 78848K, 61% used [0x0000000080200000,0x000000008313bc58,0x0000000084f00000)
 Metaspace       used 15115K, capacity 15556K, committed 15744K, reserved 1062912K
  class space    used 1712K, capacity 1802K, committed 1920K, reserved 1048576K
Event: 13.159 GC heap after
Heap after GC invocations=9 (full 1):
 PSYoungGen      total 194048K, used 36352K [0x00000000d5600000, 0x00000000e4d00000, 0x0000000100000000)
  eden space 155136K, 0% used [0x00000000d5600000,0x00000000d5600000,0x00000000ded80000)
  from space 38912K, 93% used [0x00000000e1980000,0x00000000e3d00010,0x00000000e3f80000)
  to   space 45056K, 0% used [0x00000000ded80000,0x00000000ded80000,0x00000000e1980000)
 ParOldGen       total 78848K, used 48987K [0x0000000080200000, 0x0000000084f00000, 0x00000000d5600000)
  object space 78848K, 62% used [0x0000000080200000,0x00000000831d6f68,0x0000000084f00000)
 Metaspace       used 15115K, capacity 15556K, committed 15744K, reserved 1062912K
  class space    used 1712K, capacity 1802K, committed 1920K, reserved 1048576K
}

